-bash: module: line 1: syntax error: unexpected end of file
-bash: error importing function definition for `BASH_FUNC_module'
cat: PNAT2_EUR_QC_complete_150731_chr1.flipped.phased.imputed.*: No such file or directory
cat: PNAT2_EUR_QC_complete_150731_chr2.flipped.phased.imputed.*: No such file or directory
cat: PNAT2_EUR_QC_complete_150731_chr3.flipped.phased.imputed.*: No such file or directory
cat: PNAT2_EUR_QC_complete_150731_chr4.flipped.phased.imputed.*: No such file or directory
cat: PNAT2_EUR_QC_complete_150731_chr5.flipped.phased.imputed.*: No such file or directory
cat: PNAT2_EUR_QC_complete_150731_chr6.flipped.phased.imputed.*: No such file or directory
cat: PNAT2_EUR_QC_complete_150731_chr7.flipped.phased.imputed.*: No such file or directory
cat: PNAT2_EUR_QC_complete_150731_chr8.flipped.phased.imputed.*: No such file or directory
cat: PNAT2_EUR_QC_complete_150731_chr9.flipped.phased.imputed.*: No such file or directory
cat: PNAT2_EUR_QC_complete_150731_chr10.flipped.phased.imputed.*: No such file or directory
cat: PNAT2_EUR_QC_complete_150731_chr11.flipped.phased.imputed.*: No such file or directory
cat: PNAT2_EUR_QC_complete_150731_chr12.flipped.phased.imputed.*: No such file or directory
cat: PNAT2_EUR_QC_complete_150731_chr13.flipped.phased.imputed.*: No such file or directory
cat: PNAT2_EUR_QC_complete_150731_chr14.flipped.phased.imputed.*: No such file or directory
cat: PNAT2_EUR_QC_complete_150731_chr15.flipped.phased.imputed.*: No such file or directory
cat: PNAT2_EUR_QC_complete_150731_chr16.flipped.phased.imputed.*: No such file or directory
cat: PNAT2_EUR_QC_complete_150731_chr17.flipped.phased.imputed.*: No such file or directory
cat: PNAT2_EUR_QC_complete_150731_chr18.flipped.phased.imputed.*: No such file or directory
cat: PNAT2_EUR_QC_complete_150731_chr19.flipped.phased.imputed.*: No such file or directory
cat: PNAT2_EUR_QC_complete_150731_chr20.flipped.phased.imputed.*: No such file or directory
cat: PNAT2_EUR_QC_complete_150731_chr21.flipped.phased.imputed.*: No such file or directory
cat: PNAT2_EUR_QC_complete_150731_chr22.flipped.phased.imputed.*: No such file or directory
-bash: module: line 1: syntax error: unexpected end of file
-bash: error importing function definition for `BASH_FUNC_module'
/scratch/hpc2862/CAMH/jen/PNAT_EUR/out
